This is pdfTeX, Version 3.14159265-2.6-1.40.18 (MiKTeX 2.9.6350 64-bit) (preloaded format=pdflatex 2023.11.16)  1 JAN 2024 15:19
entering extended mode
**"./new file 2.tex"
("new file 2.tex"
LaTeX2e <2017-04-15>
Babel <3.10> and hyphenation patterns for 75 language(s) loaded.

(C:\ProgramData\App-V\078D2323-9976-4116-9973-8153816222DE\66D9808C-A32C-466E-A
4A0-6B8B426428F8\root\Miktex\tex/latex\base\article.cls
Document Class: article 2014/09/29 v1.4h Standard LaTeX document class

(C:\ProgramData\App-V\078D2323-9976-4116-9973-8153816222DE\66D9808C-A32C-466E-A
4A0-6B8B426428F8\root\Miktex\tex/latex\base\size12.clo
File: size12.clo 2014/09/29 v1.4h Standard LaTeX file (size option)
)
\c@part=\count79
\c@section=\count80
\c@subsection=\count81
\c@subsubsection=\count82
\c@paragraph=\count83
\c@subparagraph=\count84
\c@figure=\count85
\c@table=\count86
\abovecaptionskip=\skip41
\belowcaptionskip=\skip42
\bibindent=\dimen102
)
(C:\ProgramData\App-V\078D2323-9976-4116-9973-8153816222DE\66D9808C-A32C-466E-A
4A0-6B8B426428F8\root\Miktex\tex/latex\amsmath\amsmath.sty
Package: amsmath 2016/11/05 v2.16a AMS math features
\@mathmargin=\skip43

For additional information on amsmath, use the `?' option.

(C:\ProgramData\App-V\078D2323-9976-4116-9973-8153816222DE\66D9808C-A32C-466E-A
4A0-6B8B426428F8\root\Miktex\tex/latex\amsmath\amstext.sty
Package: amstext 2000/06/29 v2.01 AMS text

(C:\ProgramData\App-V\078D2323-9976-4116-9973-8153816222DE\66D9808C-A32C-466E-A
4A0-6B8B426428F8\root\Miktex\tex/latex\amsmath\amsgen.sty
File: amsgen.sty 1999/11/30 v2.0 generic functions
\@emptytoks=\toks14
\ex@=\dimen103
))
(C:\ProgramData\App-V\078D2323-9976-4116-9973-8153816222DE\66D9808C-A32C-466E-A
4A0-6B8B426428F8\root\Miktex\tex/latex\amsmath\amsbsy.sty
Package: amsbsy 1999/11/29 v1.2d Bold Symbols
\pmbraise@=\dimen104
)
(C:\ProgramData\App-V\078D2323-9976-4116-9973-8153816222DE\66D9808C-A32C-466E-A
4A0-6B8B426428F8\root\Miktex\tex/latex\amsmath\amsopn.sty
Package: amsopn 2016/03/08 v2.02 operator names
)
\inf@bad=\count87
LaTeX Info: Redefining \frac on input line 213.
\uproot@=\count88
\leftroot@=\count89
LaTeX Info: Redefining \overline on input line 375.
\classnum@=\count90
\DOTSCASE@=\count91
LaTeX Info: Redefining \ldots on input line 472.
LaTeX Info: Redefining \dots on input line 475.
LaTeX Info: Redefining \cdots on input line 596.
\Mathstrutbox@=\box26
\strutbox@=\box27
\big@size=\dimen105
LaTeX Font Info:    Redeclaring font encoding OML on input line 712.
LaTeX Font Info:    Redeclaring font encoding OMS on input line 713.
\macc@depth=\count92
\c@MaxMatrixCols=\count93
\dotsspace@=\muskip10
\c@parentequation=\count94
\dspbrk@lvl=\count95
\tag@help=\toks15
\row@=\count96
\column@=\count97
\maxfields@=\count98
\andhelp@=\toks16
\eqnshift@=\dimen106
\alignsep@=\dimen107
\tagshift@=\dimen108
\tagwidth@=\dimen109
\totwidth@=\dimen110
\lineht@=\dimen111
\@envbody=\toks17
\multlinegap=\skip44
\multlinetaggap=\skip45
\mathdisplay@stack=\toks18
LaTeX Info: Redefining \[ on input line 2817.
LaTeX Info: Redefining \] on input line 2818.
)
(C:\ProgramData\App-V\078D2323-9976-4116-9973-8153816222DE\66D9808C-A32C-466E-A
4A0-6B8B426428F8\root\Miktex\tex/latex\amsfonts\amssymb.sty
Package: amssymb 2013/01/14 v3.01 AMS font symbols

(C:\ProgramData\App-V\078D2323-9976-4116-9973-8153816222DE\66D9808C-A32C-466E-A
4A0-6B8B426428F8\root\Miktex\tex/latex\amsfonts\amsfonts.sty
Package: amsfonts 2013/01/14 v3.01 Basic AMSFonts support
\symAMSa=\mathgroup4
\symAMSb=\mathgroup5
LaTeX Font Info:    Overwriting math alphabet `\mathfrak' in version `bold'
(Font)                  U/euf/m/n --> U/euf/b/n on input line 106.
))
(C:\ProgramData\App-V\078D2323-9976-4116-9973-8153816222DE\66D9808C-A32C-466E-A
4A0-6B8B426428F8\root\Miktex\tex/latex\graphics\graphicx.sty
Package: graphicx 2014/10/28 v1.0g Enhanced LaTeX Graphics (DPC,SPQR)

(C:\ProgramData\App-V\078D2323-9976-4116-9973-8153816222DE\66D9808C-A32C-466E-A
4A0-6B8B426428F8\root\Miktex\tex/latex\graphics\keyval.sty
Package: keyval 2014/10/28 v1.15 key=value parser (DPC)
\KV@toks@=\toks19
)
(C:\ProgramData\App-V\078D2323-9976-4116-9973-8153816222DE\66D9808C-A32C-466E-A
4A0-6B8B426428F8\root\Miktex\tex/latex\graphics\graphics.sty
Package: graphics 2017/04/14 v1.1b Standard LaTeX Graphics (DPC,SPQR)

(C:\ProgramData\App-V\078D2323-9976-4116-9973-8153816222DE\66D9808C-A32C-466E-A
4A0-6B8B426428F8\root\Miktex\tex/latex\graphics\trig.sty
Package: trig 2016/01/03 v1.10 sin cos tan (DPC)
)
(C:\ProgramData\App-V\078D2323-9976-4116-9973-8153816222DE\66D9808C-A32C-466E-A
4A0-6B8B426428F8\root\Miktex\tex/latex\graphics-cfg\graphics.cfg
File: graphics.cfg 2016/06/04 v1.11 sample graphics configuration
)
Package graphics Info: Driver file: pdftex.def on input line 99.

(C:\ProgramData\App-V\078D2323-9976-4116-9973-8153816222DE\66D9808C-A32C-466E-A
4A0-6B8B426428F8\root\Miktex\tex/latex\graphics-def\pdftex.def
File: pdftex.def 2017/01/12 v0.06k Graphics/color for pdfTeX

(C:\ProgramData\App-V\078D2323-9976-4116-9973-8153816222DE\66D9808C-A32C-466E-A
4A0-6B8B426428F8\root\Miktex\tex/generic\oberdiek\infwarerr.sty
Package: infwarerr 2016/05/16 v1.4 Providing info/warning/error messages (HO)
)
(C:\ProgramData\App-V\078D2323-9976-4116-9973-8153816222DE\66D9808C-A32C-466E-A
4A0-6B8B426428F8\root\Miktex\tex/generic\oberdiek\ltxcmds.sty
Package: ltxcmds 2016/05/16 v1.23 LaTeX kernel commands for general use (HO)
)
\Gread@gobject=\count99
))
\Gin@req@height=\dimen112
\Gin@req@width=\dimen113
)
("new file 2.aux")
\openout1 = `"new file 2.aux"'.

LaTeX Font Info:    Checking defaults for OML/cmm/m/it on input line 10.
LaTeX Font Info:    ... okay on input line 10.
LaTeX Font Info:    Checking defaults for T1/cmr/m/n on input line 10.
LaTeX Font Info:    ... okay on input line 10.
LaTeX Font Info:    Checking defaults for OT1/cmr/m/n on input line 10.
LaTeX Font Info:    ... okay on input line 10.
LaTeX Font Info:    Checking defaults for OMS/cmsy/m/n on input line 10.
LaTeX Font Info:    ... okay on input line 10.
LaTeX Font Info:    Checking defaults for OMX/cmex/m/n on input line 10.
LaTeX Font Info:    ... okay on input line 10.
LaTeX Font Info:    Checking defaults for U/cmr/m/n on input line 10.
LaTeX Font Info:    ... okay on input line 10.

(C:\ProgramData\App-V\078D2323-9976-4116-9973-8153816222DE\66D9808C-A32C-466E-A
4A0-6B8B426428F8\root\Miktex\tex/generic\oberdiek\pdftexcmds.sty
Package: pdftexcmds 2017/03/19 v0.25 Utility functions of pdfTeX for LuaTeX (HO
)

(C:\ProgramData\App-V\078D2323-9976-4116-9973-8153816222DE\66D9808C-A32C-466E-A
4A0-6B8B426428F8\root\Miktex\tex/generic\oberdiek\ifluatex.sty
Package: ifluatex 2016/05/16 v1.4 Provides the ifluatex switch (HO)
Package ifluatex Info: LuaTeX not detected.
)
(C:\ProgramData\App-V\078D2323-9976-4116-9973-8153816222DE\66D9808C-A32C-466E-A
4A0-6B8B426428F8\root\Miktex\tex/generic\oberdiek\ifpdf.sty
Package: ifpdf 2017/03/15 v3.2 Provides the ifpdf switch
)
Package pdftexcmds Info: LuaTeX not detected.
Package pdftexcmds Info: \pdf@primitive is available.
Package pdftexcmds Info: \pdf@ifprimitive is available.
Package pdftexcmds Info: \pdfdraftmode found.
)
(C:\ProgramData\App-V\078D2323-9976-4116-9973-8153816222DE\66D9808C-A32C-466E-A
4A0-6B8B426428F8\root\Miktex\tex/latex\oberdiek\epstopdf-base.sty
Package: epstopdf-base 2016/05/15 v2.6 Base part for package epstopdf

(C:\ProgramData\App-V\078D2323-9976-4116-9973-8153816222DE\66D9808C-A32C-466E-A
4A0-6B8B426428F8\root\Miktex\tex/latex\oberdiek\grfext.sty
Package: grfext 2016/05/16 v1.2 Manage graphics extensions (HO)

(C:\ProgramData\App-V\078D2323-9976-4116-9973-8153816222DE\66D9808C-A32C-466E-A
4A0-6B8B426428F8\root\Miktex\tex/generic\oberdiek\kvdefinekeys.sty
Package: kvdefinekeys 2016/05/16 v1.4 Define keys (HO)
))
(C:\ProgramData\App-V\078D2323-9976-4116-9973-8153816222DE\66D9808C-A32C-466E-A
4A0-6B8B426428F8\root\Miktex\tex/latex\oberdiek\kvoptions.sty
Package: kvoptions 2016/05/16 v3.12 Key value format for package options (HO)

(C:\ProgramData\App-V\078D2323-9976-4116-9973-8153816222DE\66D9808C-A32C-466E-A
4A0-6B8B426428F8\root\Miktex\tex/generic\oberdiek\kvsetkeys.sty
Package: kvsetkeys 2016/05/16 v1.17 Key value parser (HO)

(C:\ProgramData\App-V\078D2323-9976-4116-9973-8153816222DE\66D9808C-A32C-466E-A
4A0-6B8B426428F8\root\Miktex\tex/generic\oberdiek\etexcmds.sty
Package: etexcmds 2016/05/16 v1.6 Avoid name clashes with e-TeX commands (HO)
Package etexcmds Info: Could not find \expanded.
(etexcmds)             That can mean that you are not using pdfTeX 1.50 or
(etexcmds)             that some package has redefined \expanded.
(etexcmds)             In the latter case, load this package earlier.
)))
Package epstopdf-base Info: Redefining graphics rule for `.eps' on input line 4
38.
Package grfext Info: Graphics extension search list:
(grfext)             [.png,.pdf,.jpg,.mps,.jpeg,.jbig2,.jb2,.PNG,.PDF,.JPG,.JPE
G,.JBIG2,.JB2,.eps]
(grfext)             \AppendGraphicsExtensions on input line 456.
)
LaTeX Font Info:    Try loading font information for U+msa on input line 12.

(C:\ProgramData\App-V\078D2323-9976-4116-9973-8153816222DE\66D9808C-A32C-466E-A
4A0-6B8B426428F8\root\Miktex\tex/latex\amsfonts\umsa.fd
File: umsa.fd 2013/01/14 v3.01 AMS symbols A
)
LaTeX Font Info:    Try loading font information for U+msb on input line 12.

(C:\ProgramData\App-V\078D2323-9976-4116-9973-8153816222DE\66D9808C-A32C-466E-A
4A0-6B8B426428F8\root\Miktex\tex/latex\amsfonts\umsb.fd
File: umsb.fd 2013/01/14 v3.01 AMS symbols B
) ("new file 2.toc")
\tf@toc=\write3
\openout3 = `"new file 2.toc"'.


[1

{C:/ProgramData/MiKTeX/2.9/pdftex/config/pdftex.map}] [2] [3] [4]
LaTeX Font Info:    Try loading font information for OMS+cmr on input line 62.

(C:\ProgramData\App-V\078D2323-9976-4116-9973-8153816222DE\66D9808C-A32C-466E-A
4A0-6B8B426428F8\root\Miktex\tex/latex\base\omscmr.fd
File: omscmr.fd 2014/09/29 v2.5h Standard LaTeX font definitions
)
LaTeX Font Info:    Font shape `OMS/cmr/m/n' in size <12> not available
(Font)              Font shape `OMS/cmsy/m/n' tried instead on input line 62.
 [5] [6]

LaTeX Warning: File `png_pic.png' not found on input line 101.


! Package pdftex.def Error: File `png_pic.png' not found.

See the pdftex.def package documentation for explanation.
Type  H <return>  for immediate help.
 ...                                              
                                                  
l.101 ...raphics[width=0.5\textwidth]{png_pic.png}
                                                  
Using draft setting for this image.
Try typing  <return>  to proceed.
If that doesn't work, type  X <return>  to quit.

[7]

LaTeX Warning: File `jpg_pic.jpg' not found on input line 117.


! Package pdftex.def Error: File `jpg_pic.jpg' not found.

See the pdftex.def package documentation for explanation.
Type  H <return>  for immediate help.
 ...                                              
                                                  
l.117 ...raphics[width=0.5\textwidth]{jpg_pic.jpg}
                                                  
Using draft setting for this image.
Try typing  <return>  to proceed.
If that doesn't work, type  X <return>  to quit.

[8] [9] [10] [11] ("new file 2.aux") ) 
Here is how much of TeX's memory you used:
 2158 strings out of 493323
 33193 string characters out of 3105042
 90156 words of memory out of 3000000
 5664 multiletter control sequences out of 15000+200000
 14877 words of font info for 57 fonts, out of 3000000 for 9000
 1141 hyphenation exceptions out of 8191
 39i,10n,26p,1213b,267s stack positions out of 5000i,500n,10000p,200000b,50000s
<C:/ProgramData/App-V/078D2323-9976-4116-
9973-8153816222DE/66D9808C-A32C-466E-A4A0-6B8B426428F8/root/Miktex/fonts/type1/
public/amsfonts/cm/cmbx12.pfb><C:/ProgramData/App-V/078D2323-9976-4116-9973-815
3816222DE/66D9808C-A32C-466E-A4A0-6B8B426428F8/root/Miktex/fonts/type1/public/a
msfonts/cm/cmbxti10.pfb><C:/ProgramData/App-V/078D2323-9976-4116-9973-815381622
2DE/66D9808C-A32C-466E-A4A0-6B8B426428F8/root/Miktex/fonts/type1/public/amsfont
s/cm/cmex10.pfb><C:/ProgramData/App-V/078D2323-9976-4116-9973-8153816222DE/66D9
808C-A32C-466E-A4A0-6B8B426428F8/root/Miktex/fonts/type1/public/amsfonts/cm/cmm
i12.pfb><C:/ProgramData/App-V/078D2323-9976-4116-9973-8153816222DE/66D9808C-A32
C-466E-A4A0-6B8B426428F8/root/Miktex/fonts/type1/public/amsfonts/cm/cmr12.pfb><
C:/ProgramData/App-V/078D2323-9976-4116-9973-8153816222DE/66D9808C-A32C-466E-A4
A0-6B8B426428F8/root/Miktex/fonts/type1/public/amsfonts/cm/cmr17.pfb><C:/Progra
mData/App-V/078D2323-9976-4116-9973-8153816222DE/66D9808C-A32C-466E-A4A0-6B8B42
6428F8/root/Miktex/fonts/type1/public/amsfonts/cm/cmr8.pfb><C:/ProgramData/App-
V/078D2323-9976-4116-9973-8153816222DE/66D9808C-A32C-466E-A4A0-6B8B426428F8/roo
t/Miktex/fonts/type1/public/amsfonts/cm/cmsy10.pfb><C:/ProgramData/App-V/078D23
23-9976-4116-9973-8153816222DE/66D9808C-A32C-466E-A4A0-6B8B426428F8/root/Miktex
/fonts/type1/public/amsfonts/cm/cmti12.pfb><C:/ProgramData/App-V/078D2323-9976-
4116-9973-8153816222DE/66D9808C-A32C-466E-A4A0-6B8B426428F8/root/Miktex/fonts/t
ype1/public/amsfonts/cm/cmti8.pfb><C:/ProgramData/App-V/078D2323-9976-4116-9973
-8153816222DE/66D9808C-A32C-466E-A4A0-6B8B426428F8/root/Miktex/fonts/type1/publ
ic/amsfonts/cm/cmtt12.pfb>
Output written on "new file 2.pdf" (11 pages, 144830 bytes).
PDF statistics:
 82 PDF objects out of 1000 (max. 8388607)
 0 named destinations out of 1000 (max. 500000)
 1 words of extra memory for PDF output out of 10000 (max. 10000000)

